Mini_PhotoShop/app/build/intermediates/manifest_merge_blame_file/debug/manifest-merger-blame-debug-report.txt
1<?xml version="1.0" encoding="utf-8"?>
2<manifest xmlns:android="http://schemas.android.com/apk/res/android"
3    package="com.example.mini_photoshop"
4    android:versionCode="1"
5    android:versionName="1.0" >
6
7    <uses-sdk
8        android:minSdkVersion="29"
8-->src\main\AndroidManifest.xml
9        android:targetSdkVersion="31" />
9-->src\main\AndroidManifest.xml
10
11    <uses-permission android:name="android.permission.WRITE_EXTERNAL_STORAGE" />
11-->src\main\AndroidManifest.xml:5:5-80
11-->src\main\AndroidManifest.xml:5:22-78
12    <uses-permission android:name="android.permission.READ_EXTERNAL_STORAGE" />
12-->src\main\AndroidManifest.xml:6:5-79
12-->src\main\AndroidManifest.xml:6:22-77
13    <uses-permission android:name="android.permission.CAMERA" />
13-->src\main\AndroidManifest.xml:7:5-64
13-->src\main\AndroidManifest.xml:7:22-62
14    <uses-permission android:name="android.permission.LOCATION_HARDWARE.camera" />
14-->src\main\AndroidManifest.xml:8:5-82
14-->src\main\AndroidManifest.xml:8:22-80
15
16    <uses-feature
16-->src\main\AndroidManifest.xml:9:5-10:34
17        android:name="android.hardware.camera"
17-->src\main\AndroidManifest.xml:9:19-57
18        android:required="true" />
18-->src\main\AndroidManifest.xml:10:9-32
19
20    <application
20-->src\main\AndroidManifest.xml:16:5-47:19
21        android:allowBackup="true"
21-->src\main\AndroidManifest.xml:17:9-35
22        android:appComponentFactory="androidx.core.app.CoreComponentFactory"
22-->[androidx.core:core:1.7.0] AndroidManifest.xml:24:18-86
23        android:debuggable="true"
24        android:extractNativeLibs="false"
25        android:icon="@mipmap/ic_launcher"
25-->src\main\AndroidManifest.xml:18:9-43
26        android:label="@string/app_name"
26-->src\main\AndroidManifest.xml:19:9-41
27        android:roundIcon="@mipmap/ic_launcher_round"
27-->src\main\AndroidManifest.xml:20:9-54
28        android:supportsRtl="true"
28-->src\main\AndroidManifest.xml:21:9-35
29        android:testOnly="true"
30        android:theme="@style/Theme.Mini_PhotoShop" >
30-->src\main\AndroidManifest.xml:22:9-52
31        <provider
31-->src\main\AndroidManifest.xml:24:9-33:20
32            android:name="androidx.core.content.FileProvider"
32-->src\main\AndroidManifest.xml:26:13-62
33            android:authorities="com.example.myapplication"
33-->src\main\AndroidManifest.xml:25:13-60
34            android:exported="false"
34-->src\main\AndroidManifest.xml:27:13-37
35            android:grantUriPermissions="true" >
35-->src\main\AndroidManifest.xml:28:13-47
36            <meta-data
36-->src\main\AndroidManifest.xml:29:13-31:53
37                android:name="android.support.FILE_PROVIDER_PATHS"
37-->src\main\AndroidManifest.xml:30:17-67
38                android:resource="@xml/file_paths" />
38-->src\main\AndroidManifest.xml:31:17-51
39        </provider>
40
41        <activity
41-->src\main\AndroidManifest.xml:35:9-37:39
42            android:name="com.example.mini_photoshop.PhotoActivity"
42-->src\main\AndroidManifest.xml:36:13-42
43            android:exported="true" />
43-->src\main\AndroidManifest.xml:37:13-36
44        <activity
44-->src\main\AndroidManifest.xml:38:9-46:20
45            android:name="com.example.mini_photoshop.MainActivity"
45-->src\main\AndroidManifest.xml:39:13-41
46            android:exported="true" >
46-->src\main\AndroidManifest.xml:40:13-36
47            <intent-filter>
47-->src\main\AndroidManifest.xml:41:13-45:29
48                <action android:name="android.intent.action.MAIN" />
48-->src\main\AndroidManifest.xml:42:17-69
48-->src\main\AndroidManifest.xml:42:25-66
49
50                <category android:name="android.intent.category.LAUNCHER" />
50-->src\main\AndroidManifest.xml:44:17-77
50-->src\main\AndroidManifest.xml:44:27-74
51            </intent-filter>
52        </activity>
53
54        <provider
54-->[androidx.emoji2:emoji2:1.0.0] AndroidManifest.xml:26:9-34:20
55            android:name="androidx.startup.InitializationProvider"
55-->[androidx.emoji2:emoji2:1.0.0] AndroidManifest.xml:27:13-67
56            android:authorities="com.example.mini_photoshop.androidx-startup"
56-->[androidx.emoji2:emoji2:1.0.0] AndroidManifest.xml:28:13-68
57            android:exported="false" >
57-->[androidx.emoji2:emoji2:1.0.0] AndroidManifest.xml:29:13-37
58            <meta-data
58-->[androidx.emoji2:emoji2:1.0.0] AndroidManifest.xml:31:13-33:52
59                android:name="androidx.emoji2.text.EmojiCompatInitializer"
59-->[androidx.emoji2:emoji2:1.0.0] AndroidManifest.xml:32:17-75
60                android:value="androidx.startup" />
60-->[androidx.emoji2:emoji2:1.0.0] AndroidManifest.xml:33:17-49
61            <meta-data
61-->[androidx.lifecycle:lifecycle-process:2.4.0] AndroidManifest.xml:31:13-33:52
62                android:name="androidx.lifecycle.ProcessLifecycleInitializer"
62-->[androidx.lifecycle:lifecycle-process:2.4.0] AndroidManifest.xml:32:17-78
63                android:value="androidx.startup" />
63-->[androidx.lifecycle:lifecycle-process:2.4.0] AndroidManifest.xml:33:17-49
64        </provider>
65    </application>
66
67</manifest>